<?xml version="1.0" encoding="UTF-8"?>
<!-- Generated by org.testng.reporters.JUnitReportReporter -->
<testsuite skipped="0" hostname="DESKTOP-UE9IBLC" name="com.Zoopla.qa.tests.PropertyPageTest" tests="3" failures="0" timestamp="13 Nov 2019 00:03:46 GMT" time="61.204" errors="0">
  <testcase name="agentLogoTest" time="17.866" classname="com.Zoopla.qa.tests.PropertyPageTest"/>
  <testcase name="agentNameTest" time="19.342" classname="com.Zoopla.qa.tests.PropertyPageTest"/>
  <testcase name="agentPhoneNoTest" time="23.996" classname="com.Zoopla.qa.tests.PropertyPageTest"/>
</testsuite> <!-- com.Zoopla.qa.tests.PropertyPageTest -->
