<?xml version="1.0" encoding="UTF-8"?>
<!-- Generated by org.testng.reporters.JUnitReportReporter -->
<testsuite skipped="0" hostname="DESKTOP-UE9IBLC" name="com.Zoopla.qa.tests.AgentPageTest" tests="2" failures="0" timestamp="13 Feb 2020 01:34:21 GMT" time="52.382" errors="0">
  <testcase name="agentNameVerifyTest" time="31.799" classname="com.Zoopla.qa.tests.AgentPageTest"/>
  <testcase name="agentPhoneTest" time="20.583" classname="com.Zoopla.qa.tests.AgentPageTest"/>
</testsuite> <!-- com.Zoopla.qa.tests.AgentPageTest -->
