<?xml version="1.0" encoding="UTF-8"?>
<!-- Generated by org.testng.reporters.JUnitReportReporter -->
<testsuite skipped="0" hostname="DESKTOP-UE9IBLC" name="com.Zoopla.qa.tests.SearchPageTest" tests="3" failures="0" timestamp="31 Oct 2019 04:44:30 GMT" time="43.152" errors="0">
  <testcase name="searchPageTitleTest" time="13.000" classname="com.Zoopla.qa.tests.SearchPageTest"/>
  <testcase name="zooplaLogoTest" time="12.918" classname="com.Zoopla.qa.tests.SearchPageTest"/>
  <testcase name="searchFieldTest" time="17.234" classname="com.Zoopla.qa.tests.SearchPageTest"/>
</testsuite> <!-- com.Zoopla.qa.tests.SearchPageTest -->
